0 info it worked if it ends with ok
1 verbose cli [ '/usr/bin/nodejs', '/usr/bin/npm', 'version', '0.1.6' ]
2 info using npm@1.4.21
3 info using node@v4.6.1
4 error Error: Git working directory not clean.
4 error M README.md
4 error     at /usr/share/npm/lib/version.js:91:33
4 error     at ChildProcess.exithandler (child_process.js:204:7)
4 error     at emitTwo (events.js:87:13)
4 error     at ChildProcess.emit (events.js:172:7)
4 error     at maybeClose (internal/child_process.js:829:16)
4 error     at Socket.<anonymous> (internal/child_process.js:319:11)
4 error     at emitOne (events.js:77:13)
4 error     at Socket.emit (events.js:169:7)
4 error     at Pipe._onclose (net.js:486:12)
5 error If you need help, you may report this *entire* log,
5 error including the npm and node versions, at:
5 error     <http://github.com/npm/npm/issues>
6 error System Linux 4.6-4.dmz.3-liquorix-amd64
7 error command "/usr/bin/nodejs" "/usr/bin/npm" "version" "0.1.6"
8 error cwd /home/usr/Documents/Dev/Coffeescript/PHPSession
9 error node -v v4.6.1
10 error npm -v 1.4.21
11 verbose exit [ 1, true ]
